\BOOKMARK [0][-]{chapter.1}{\376\377\000P\000r\000o\000j\000e\000k\000t\000e\000k}{}% 1
\BOOKMARK [1][-]{section.1.1}{\376\377\000T\000e\000c\000h\000n\000o\000l\000\363\000g\000i\000\341\000k}{chapter.1}% 2
\BOOKMARK [1][-]{section.1.2}{\376\377\000S\000z\000o\000f\000t\000v\000e\000r\000e\000k}{chapter.1}% 3
\BOOKMARK [1][-]{section.1.3}{\376\377\000E\000l\001\121\000k\000\366\000v\000e\000t\000e\000l\000m\000\351\000n\000y\000e\000k\000,\000\040\000c\000s\000o\000m\000a\000g\000o\000k\000,\000\040\000k\000e\000r\000e\000t\000r\000e\000n\000d\000s\000z\000e\000r\000e\000k}{chapter.1}% 4
\BOOKMARK [2][-]{subsection.1.3.1}{\376\377\000W\000e\000b\000a\000l\000k\000a\000l\000m\000a\000z\000\341\000s}{section.1.3}% 5
\BOOKMARK [2][-]{subsection.1.3.2}{\376\377\000A\000I\000\040\000S\000c\000a\000m\000\040\000s\000z\001\161\000r\001\121}{section.1.3}% 6
\BOOKMARK [0][-]{chapter.2}{\376\377\000D\000N\000S\000\040\000s\000z\000e\000r\000v\000e\000r}{}% 7
\BOOKMARK [1][-]{section.2.1}{\376\377\000I\000n\000d\000\355\000t\000\341\000s}{chapter.2}% 8
\BOOKMARK [1][-]{section.2.2}{\376\377\000K\000o\000n\000f\000i\000g\000u\000r\000\341\000c\000i\000\363}{chapter.2}% 9
\BOOKMARK [2][-]{subsection.2.2.1}{\376\377\000Z\000\363\000n\000a\000\040\000h\000o\000z\000z\000\341\000a\000d\000\341\000s\000a}{section.2.2}% 10
\BOOKMARK [2][-]{subsection.2.2.2}{\376\377\000R\000e\000k\000o\000r\000d\000o\000k\000\040\000h\000o\000z\000z\000\341\000a\000d\000\341\000s\000a}{section.2.2}% 11
\BOOKMARK [2][-]{subsection.2.2.3}{\376\377\000T\000e\000s\000z\000t\000e\000l\000\351\000s\000\040\000n\000s\000l\000o\000o\000k\000u\000p\000\040\000p\000a\000r\000a\000n\000c\000s\000\040\000s\000e\000g\000\355\000t\000s\000\351\000g\000\351\000v\000e\000l}{section.2.2}% 12
\BOOKMARK [0][-]{chapter.3}{\376\377\000S\000M\000T\000P\000,\000\040\000I\000M\000A\000P\000\040\000s\000z\000e\000r\000v\000e\000r}{}% 13
\BOOKMARK [1][-]{section.3.1}{\376\377\000h\000M\000a\000i\000l\000S\000e\000r\000v\000e\000r}{chapter.3}% 14
\BOOKMARK [1][-]{section.3.2}{\376\377\000A\000l\000a\000p\000\351\000r\000t\000e\000l\000m\000e\000z\000e\000t\000t\000\040\000m\000a\000p\000p\000\341\000k}{chapter.3}% 15
\BOOKMARK [0][-]{chapter.4}{\376\377\000B\000a\000c\000k\000e\000n\000d}{}% 16
\BOOKMARK [1][-]{section.4.1}{\376\377\000B\000e\000j\000e\000l\000e\000n\000t\000k\000e\000z\000\351\000s}{chapter.4}% 17
\BOOKMARK [1][-]{section.4.2}{\376\377\000R\000e\000g\000i\000s\000z\000t\000r\000\341\000c\000i\000\363}{chapter.4}% 18
\BOOKMARK [1][-]{section.4.3}{\376\377\000A\000d\000o\000t\000t\000\040\000e\000m\000a\000i\000l\000\040\000l\000e\000k\000\351\000r\000\351\000s\000e\000\040\000m\000a\000p\000p\000\341\000b\000\363\000l}{chapter.4}% 19
\BOOKMARK [1][-]{section.4.4}{\376\377\000\326\000s\000s\000z\000e\000s\000\040\000e\000m\000a\000i\000l\000\040\000l\000e\000k\000\351\000r\000\351\000s\000e\000\040\000m\000a\000p\000p\000\341\000b\000\363\000l}{chapter.4}% 20
\BOOKMARK [1][-]{section.4.5}{\376\377\000E\000m\000a\000i\000l\000\040\000t\000\366\000r\000l\000\351\000s\000e\000\040\000m\000a\000p\000p\000\341\000b\000\363\000l}{chapter.4}% 21
\BOOKMARK [1][-]{section.4.6}{\376\377\000S\000p\000a\000m\000\040\000s\000z\001\161\000r\000\351\000s}{chapter.4}% 22
\BOOKMARK [1][-]{section.4.7}{\376\377\000M\000a\000p\000p\000a\000\040\000l\000\351\000t\000r\000e\000h\000o\000z\000\341\000s\000a}{chapter.4}% 23
\BOOKMARK [1][-]{section.4.8}{\376\377\000M\000a\000p\000p\000\341\000k\000\040\000l\000e\000k\000\351\000r\000\351\000s\000e}{chapter.4}% 24
\BOOKMARK [0][-]{chapter.5}{\376\377\000A\000I\000\040\000S\000c\000a\000m\000\040\000s\000z\001\161\000r\001\121\000\040\000A\000P\000I}{}% 25
\BOOKMARK [1][-]{section.5.1}{\376\377\000T\000a\000n\000\355\000t\000\341\000s\000i\000\040\000a\000d\000a\000t\000o\000k\000\040\000f\000e\000l\000\351\000p\000\355\000t\000\351\000s\000e}{chapter.5}% 26
\BOOKMARK [1][-]{section.5.2}{\376\377\000M\000o\000d\000e\000l\000l}{chapter.5}% 27
\BOOKMARK [1][-]{section.5.3}{\376\377\000T\000a\000n\000\355\000t\000\341\000s}{chapter.5}% 28
\BOOKMARK [1][-]{section.5.4}{\376\377\000S\000p\000a\000m\000\040\000s\000z\001\161\000r\000\351\000s\000e}{chapter.5}% 29
